#
# There is insufficient memory for the Java Runtime Environment to continue.
# Native memory allocation (malloc) failed to allocate 2342048 bytes for Chunk::new
# Possible reasons:
#   The system is out of physical RAM or swap space
#   The process is running with CompressedOops enabled, and the Java Heap may be blocking the growth of the native heap
# Possible solutions:
#   Reduce memory load on the system
#   Increase physical memory or swap space
#   Check if swap backing store is full
#   Decrease Java heap size (-Xmx/-Xms)
#   Decrease number of Java threads
#   Decrease Java thread stack sizes (-Xss)
#   Set larger code cache with -XX:ReservedCodeCacheSize=
#   JVM is running with Zero Based Compressed Oops mode in which the Java heap is
#     placed in the first 32GB address space. The Java Heap base address is the
#     maximum limit for the native heap growth. Please use -XX:HeapBaseMinAddress
#     to set the Java Heap base and to place the Java Heap above 32GB virtual address.
# This output file may be truncated or incomplete.
#
#  Out of Memory Error (arena.cpp:191), pid=20192, tid=19992
#
# JRE version: OpenJDK Runtime Environment (17.0.10) (build 17.0.10+0--11609105)
# Java VM: OpenJDK 64-Bit Server VM (17.0.10+0--11609105, mixed mode, tiered, compressed oops, compressed class ptrs, g1 gc, windows-amd64)
# No core dump will be written. Minidumps are not enabled by default on client versions of Windows
#

---------------  S U M M A R Y ------------

Command Line: org.jetbrains.kotlin.cli.jvm.K2JVMCompiler @D:\AndroidProg\Algo\app\build\20240805_8128086706632621542.compiler.options

Host: Intel(R) Core(TM) i7-7500U CPU @ 2.70GHz, 4 cores, 11G,  Windows 10 , 64 bit Build 19041 (10.0.19041.4597)
Time: Mon Aug  5 23:57:32 2024 India Standard Time elapsed time: 9.156742 seconds (0d 0h 0m 9s)

---------------  T H R E A D  ---------------

Current thread (0x0000020da3805020):  JavaThread "C2 CompilerThread1" daemon [_thread_in_native, id=19992, stack(0x0000005bb1b00000,0x0000005bb1c00000)]


Current CompileTask:
C2:   9156 7613   !   4       org.jetbrains.kotlin.metadata.ProtoBuf$Function::<init> (1410 bytes)

Stack: [0x0000005bb1b00000,0x0000005bb1c00000]
Native frames: (J=compiled Java code, j=interpreted, Vv=VM code, C=native code)
V  [jvm.dll+0x688de9]
V  [jvm.dll+0x8423da]
V  [jvm.dll+0x84401e]
V  [jvm.dll+0x844683]
V  [jvm.dll+0x24be0f]
V  [jvm.dll+0xac524]
V  [jvm.dll+0xacb6c]
V  [jvm.dll+0x36bd67]
V  [jvm.dll+0x33615a]
V  [jvm.dll+0x3355fa]
V  [jvm.dll+0x21daa1]
V  [jvm.dll+0x21cec1]
V  [jvm.dll+0x1a60ad]
V  [jvm.dll+0x22cd78]
V  [jvm.dll+0x22aeb0]
V  [jvm.dll+0x7f6877]
V  [jvm.dll+0x7f0c7a]
V  [jvm.dll+0x687c65]
C  [ucrtbase.dll+0x21bb2]
C  [KERNEL32.DLL+0x17374]
C  [ntdll.dll+0x4cc91]


---------------  P R O C E S S  ---------------

Threads class SMR info:
_java_thread_list=0x0000020da9a2d910, length=13, elements={
0x0000020d874cf260, 0x0000020da2fe4270, 0x0000020da2fe50f0, 0x0000020da3166a60,
0x0000020da3193420, 0x0000020da31943f0, 0x0000020da3195550, 0x0000020da3196650,
0x0000020da31978a0, 0x0000020da319e6f0, 0x0000020da32f3210, 0x0000020da3301dd0,
0x0000020da3805020
}

Java Threads: ( => current thread )
  0x0000020d874cf260 JavaThread "main" [_thread_in_Java, id=18648, stack(0x0000005bb0500000,0x0000005bb0600000)]
  0x0000020da2fe4270 JavaThread "Reference Handler" daemon [_thread_blocked, id=14176, stack(0x0000005bb0c00000,0x0000005bb0d00000)]
  0x0000020da2fe50f0 JavaThread "Finalizer" daemon [_thread_blocked, id=17268, stack(0x0000005bb0d00000,0x0000005bb0e00000)]
  0x0000020da3166a60 JavaThread "Signal Dispatcher" daemon [_thread_blocked, id=21752, stack(0x0000005bb0e00000,0x0000005bb0f00000)]
  0x0000020da3193420 JavaThread "Attach Listener" daemon [_thread_blocked, id=5460, stack(0x0000005bb0f00000,0x0000005bb1000000)]
  0x0000020da31943f0 JavaThread "Service Thread" daemon [_thread_blocked, id=19952, stack(0x0000005bb1000000,0x0000005bb1100000)]
  0x0000020da3195550 JavaThread "Monitor Deflation Thread" daemon [_thread_blocked, id=19224, stack(0x0000005bb1100000,0x0000005bb1200000)]
  0x0000020da3196650 JavaThread "C2 CompilerThread0" daemon [_thread_in_native, id=6928, stack(0x0000005bb1200000,0x0000005bb1300000)]
  0x0000020da31978a0 JavaThread "C1 CompilerThread0" daemon [_thread_in_vm, id=16716, stack(0x0000005bb1300000,0x0000005bb1400000)]
  0x0000020da319e6f0 JavaThread "Sweeper thread" daemon [_thread_blocked, id=14556, stack(0x0000005bb1400000,0x0000005bb1500000)]
  0x0000020da32f3210 JavaThread "Notification Thread" daemon [_thread_blocked, id=21292, stack(0x0000005bb1500000,0x0000005bb1600000)]
  0x0000020da3301dd0 JavaThread "Common-Cleaner" daemon [_thread_blocked, id=21148, stack(0x0000005bb1700000,0x0000005bb1800000)]
=>0x0000020da3805020 JavaThread "C2 CompilerThread1" daemon [_thread_in_native, id=19992, stack(0x0000005bb1b00000,0x0000005bb1c00000)]

Other Threads:
  0x0000020da3002200 VMThread "VM Thread" [stack: 0x0000005bb0b00000,0x0000005bb0c00000] [id=3404]
  0x0000020da32f36f0 WatcherThread [stack: 0x0000005bb1600000,0x0000005bb1700000] [id=13980]
  0x0000020d87526d00 GCTaskThread "GC Thread#0" [stack: 0x0000005bb0600000,0x0000005bb0700000] [id=12988]
  0x0000020da379df70 GCTaskThread "GC Thread#1" [stack: 0x0000005bb1800000,0x0000005bb1900000] [id=17452]
  0x0000020da37a8930 GCTaskThread "GC Thread#2" [stack: 0x0000005bb1900000,0x0000005bb1a00000] [id=19172]
  0x0000020da37a8bf0 GCTaskThread "GC Thread#3" [stack: 0x0000005bb1a00000,0x0000005bb1b00000] [id=13532]
  0x0000020d87533aa0 ConcurrentGCThread "G1 Main Marker" [stack: 0x0000005bb0700000,0x0000005bb0800000] [id=3940]
  0x0000020d875354d0 ConcurrentGCThread "G1 Conc#0" [stack: 0x0000005bb0800000,0x0000005bb0900000] [id=1208]
  0x0000020d8758ea00 ConcurrentGCThread "G1 Refine#0" [stack: 0x0000005bb0900000,0x0000005bb0a00000] [id=272]
  0x0000020da9e345d0 ConcurrentGCThread "G1 Refine#1" [stack: 0x0000005bb1c00000,0x0000005bb1d00000] [id=11572]
  0x0000020da2e54db0 ConcurrentGCThread "G1 Service" [stack: 0x0000005bb0a00000,0x0000005bb0b00000] [id=6248]

Threads with active compile tasks:
C2 CompilerThread0     9186 7754   !   4       org.jetbrains.kotlin.metadata.ProtoBuf$Type$Argument::<init> (401 bytes)
C2 CompilerThread1     9186 7613   !   4       org.jetbrains.kotlin.metadata.ProtoBuf$Function::<init> (1410 bytes)

VM state: not at safepoint (normal execution)

VM Mutex/Monitor currently owned by a thread: None

Heap address: 0x0000000741c00000, size: 3044 MB, Compressed Oops mode: Zero based, Oop shift amount: 3

CDS archive(s) not mapped
Compressed class space mapped at: 0x0000000800000000-0x0000000840000000, reserved size: 1073741824
Narrow klass base: 0x0000000800000000, Narrow klass shift: 0, Narrow klass range: 0x40000000

GC Precious Log:
 CPUs: 4 total, 4 available
 Memory: 12171M
 Large Page Support: Disabled
 NUMA Support: Disabled
 Compressed Oops: Enabled (Zero based)
 Heap Region Size: 2M
 Heap Min Capacity: 8M
 Heap Initial Capacity: 192M
 Heap Max Capacity: 3044M
 Pre-touch: Disabled
 Parallel Workers: 4
 Concurrent Workers: 1
 Concurrent Refinement Workers: 4
 Periodic GC: Disabled

Heap:
 garbage-first heap   total 112640K, used 53669K [0x0000000741c00000, 0x0000000800000000)
  region size 2048K, 7 young (14336K), 3 survivors (6144K)
 Metaspace       used 57148K, committed 57344K, reserved 1114112K
  class space    used 6585K, committed 6656K, reserved 1048576K

Heap Regions: E=young(eden), S=young(survivor), O=old, HS=humongous(starts), HC=humongous(continues), CS=collection set, F=free, OA=open archive, CA=closed archive, TAMS=top-at-mark-start (previous, next)
|   0|0x0000000741c00000, 0x0000000741e00000, 0x0000000741e00000|100%|HS|  |TAMS 0x0000000741e00000, 0x0000000741c00000| Complete 
|   1|0x0000000741e00000, 0x0000000742000000, 0x0000000742000000|100%|HC|  |TAMS 0x0000000742000000, 0x0000000741e00000| Complete 
|   2|0x0000000742000000, 0x00000007421dc600, 0x0000000742200000| 93%| O|  |TAMS 0x00000007421dc600, 0x0000000742000000| Untracked 
|   3|0x0000000742200000, 0x0000000742400000, 0x0000000742400000|100%| O|  |TAMS 0x0000000742400000, 0x0000000742200000| Untracked 
|   4|0x0000000742400000, 0x0000000742600000, 0x0000000742600000|100%| O|  |TAMS 0x0000000742600000, 0x0000000742400000| Untracked 
|   5|0x0000000742600000, 0x0000000742800000, 0x0000000742800000|100%| O|  |TAMS 0x0000000742800000, 0x0000000742600000| Untracked 
|   6|0x0000000742800000, 0x0000000742a00000, 0x0000000742a00000|100%| O|  |TAMS 0x0000000742a00000, 0x0000000742800000| Untracked 
|   7|0x0000000742a00000, 0x0000000742c00000, 0x0000000742c00000|100%| O|  |TAMS 0x0000000742c00000, 0x0000000742a00000| Untracked 
|   8|0x0000000742c00000, 0x0000000742e00000, 0x0000000742e00000|100%| O|  |TAMS 0x0000000742e00000, 0x0000000742c00000| Untracked 
|   9|0x0000000742e00000, 0x0000000742e00000, 0x0000000743000000|  0%| F|  |TAMS 0x0000000742e00000, 0x0000000742e00000| Untracked 
|  10|0x0000000743000000, 0x0000000743200000, 0x0000000743200000|100%| O|  |TAMS 0x0000000743200000, 0x0000000743000000| Untracked 
|  11|0x0000000743200000, 0x0000000743400000, 0x0000000743400000|100%|HS|  |TAMS 0x0000000743400000, 0x0000000743200000| Complete 
|  12|0x0000000743400000, 0x0000000743600000, 0x0000000743600000|100%| O|  |TAMS 0x0000000743600000, 0x0000000743400000| Untracked 
|  13|0x0000000743600000, 0x0000000743800000, 0x0000000743800000|100%| O|  |TAMS 0x0000000743800000, 0x0000000743600000| Untracked 
|  14|0x0000000743800000, 0x0000000743a00000, 0x0000000743a00000|100%| O|  |TAMS 0x0000000743a00000, 0x0000000743800000| Untracked 
|  15|0x0000000743a00000, 0x0000000743c00000, 0x0000000743c00000|100%| O|  |TAMS 0x0000000743c00000, 0x0000000743a00000| Untracked 
|  16|0x0000000743c00000, 0x0000000743e00000, 0x0000000743e00000|100%| O|  |TAMS 0x0000000743e00000, 0x0000000743c00000| Untracked 
|  17|0x0000000743e00000, 0x0000000744000000, 0x0000000744000000|100%| O|  |TAMS 0x0000000743f12a00, 0x0000000743e00000| Untracked 
|  18|0x0000000744000000, 0x0000000744200000, 0x0000000744200000|100%| O|  |TAMS 0x0000000744000000, 0x0000000744000000| Untracked 
|  19|0x0000000744200000, 0x0000000744400000, 0x0000000744400000|100%| O|  |TAMS 0x0000000744200000, 0x0000000744200000| Untracked 
|  20|0x0000000744400000, 0x0000000744600000, 0x0000000744600000|100%| O|  |TAMS 0x0000000744400000, 0x0000000744400000| Untracked 
|  21|0x0000000744600000, 0x00000007447dc800, 0x0000000744800000| 93%| O|  |TAMS 0x0000000744600000, 0x0000000744600000| Untracked 
|  22|0x0000000744800000, 0x0000000744800000, 0x0000000744a00000|  0%| F|  |TAMS 0x0000000744800000, 0x0000000744800000| Untracked 
|  23|0x0000000744a00000, 0x0000000744a00000, 0x0000000744c00000|  0%| F|  |TAMS 0x0000000744a00000, 0x0000000744a00000| Untracked 
|  24|0x0000000744c00000, 0x0000000744c00000, 0x0000000744e00000|  0%| F|  |TAMS 0x0000000744c00000, 0x0000000744c00000| Untracked 
|  25|0x0000000744e00000, 0x0000000744e00000, 0x0000000745000000|  0%| F|  |TAMS 0x0000000744e00000, 0x0000000744e00000| Untracked 
|  26|0x0000000745000000, 0x0000000745000000, 0x0000000745200000|  0%| F|  |TAMS 0x0000000745000000, 0x0000000745000000| Untracked 
|  27|0x0000000745200000, 0x0000000745200000, 0x0000000745400000|  0%| F|  |TAMS 0x0000000745200000, 0x0000000745200000| Untracked 
|  28|0x0000000745400000, 0x0000000745400000, 0x0000000745600000|  0%| F|  |TAMS 0x0000000745400000, 0x0000000745400000| Untracked 
|  29|0x0000000745600000, 0x0000000745600000, 0x0000000745800000|  0%| F|  |TAMS 0x0000000745600000, 0x0000000745600000| Untracked 
|  30|0x0000000745800000, 0x0000000745800000, 0x0000000745a00000|  0%| F|  |TAMS 0x0000000745800000, 0x0000000745800000| Untracked 
|  31|0x0000000745a00000, 0x0000000745a00000, 0x0000000745c00000|  0%| F|  |TAMS 0x0000000745a00000, 0x0000000745a00000| Untracked 
|  32|0x0000000745c00000, 0x0000000745cb0970, 0x0000000745e00000| 34%| S|CS|TAMS 0x0000000745c00000, 0x0000000745c00000| Complete 
|  33|0x0000000745e00000, 0x0000000746000000, 0x0000000746000000|100%| S|CS|TAMS 0x0000000745e00000, 0x0000000745e00000| Complete 
|  34|0x0000000746000000, 0x0000000746200000, 0x0000000746200000|100%| S|CS|TAMS 0x0000000746000000, 0x0000000746000000| Complete 
|  35|0x0000000746200000, 0x0000000746200000, 0x0000000746400000|  0%| F|  |TAMS 0x0000000746200000, 0x0000000746200000| Untracked 
|  36|0x0000000746400000, 0x0000000746400000, 0x0000000746600000|  0%| F|  |TAMS 0x0000000746400000, 0x0000000746400000| Untracked 
|  37|0x0000000746600000, 0x0000000746600000, 0x0000000746800000|  0%| F|  |TAMS 0x0000000746600000, 0x0000000746600000| Untracked 
|  38|0x0000000746800000, 0x0000000746800000, 0x0000000746a00000|  0%| F|  |TAMS 0x0000000746800000, 0x0000000746800000| Untracked 
|  39|0x0000000746a00000, 0x0000000746a00000, 0x0000000746c00000|  0%| F|  |TAMS 0x0000000746a00000, 0x0000000746a00000| Untracked 
|  40|0x0000000746c00000, 0x0000000746c00000, 0x0000000746e00000|  0%| F|  |TAMS 0x0000000746c00000, 0x0000000746c00000| Untracked 
|  41|0x0000000746e00000, 0x0000000746e00000, 0x0000000747000000|  0%| F|  |TAMS 0x0000000746e00000, 0x0000000746e00000| Untracked 
|  42|0x0000000747000000, 0x0000000747000000, 0x0000000747200000|  0%| F|  |TAMS 0x0000000747000000, 0x0000000747000000| Untracked 
|  43|0x0000000747200000, 0x0000000747200000, 0x0000000747400000|  0%| F|  |TAMS 0x0000000747200000, 0x0000000747200000| Untracked 
|  44|0x0000000747400000, 0x0000000747400000, 0x0000000747600000|  0%| F|  |TAMS 0x0000000747400000, 0x0000000747400000| Untracked 
|  45|0x0000000747600000, 0x0000000747600000, 0x0000000747800000|  0%| F|  |TAMS 0x0000000747600000, 0x0000000747600000| Untracked 
|  46|0x0000000747800000, 0x0000000747800000, 0x0000000747a00000|  0%| F|  |TAMS 0x0000000747800000, 0x0000000747800000| Untracked 
|  47|0x0000000747a00000, 0x0000000747a00000, 0x0000000747c00000|  0%| F|  |TAMS 0x0000000747a00000, 0x0000000747a00000| Untracked 
|  48|0x0000000747c00000, 0x0000000747c00000, 0x0000000747e00000|  0%| F|  |TAMS 0x0000000747c00000, 0x0000000747c00000| Untracked 
|  49|0x0000000747e00000, 0x0000000747e00000, 0x0000000748000000|  0%| F|  |TAMS 0x0000000747e00000, 0x0000000747e00000| Untracked 
|  50|0x0000000748000000, 0x0000000748000000, 0x0000000748200000|  0%| F|  |TAMS 0x0000000748000000, 0x0000000748000000| Untracked 
|  77|0x000000074b600000, 0x000000074b800000, 0x000000074b800000|100%| E|  |TAMS 0x000000074b600000, 0x000000074b600000| Complete 
|  78|0x000000074b800000, 0x000000074ba00000, 0x000000074ba00000|100%| E|CS|TAMS 0x000000074b800000, 0x000000074b800000| Complete 
|  79|0x000000074ba00000, 0x000000074bc00000, 0x000000074bc00000|100%| E|CS|TAMS 0x000000074ba00000, 0x000000074ba00000| Complete 
|  95|0x000000074da00000, 0x000000074dc00000, 0x000000074dc00000|100%| E|CS|TAMS 0x000000074da00000, 0x000000074da00000| Complete 

Card table byte_map: [0x0000020d99fb0000,0x0000020d9a5b0000] _byte_map_base: 0x0000020d965a2000

Marking Bits (Prev, Next): (CMBitMap*) 0x0000020d87527370, (CMBitMap*) 0x0000020d87527330
 Prev Bits: [0x0000020d9db40000, 0x0000020da0ad0000)
 Next Bits: [0x0000020d9abb0000, 0x0000020d9db40000)

Polling page: 0x0000020d85450000

Metaspace:

Usage:
  Non-class:     49.39 MB used.
      Class:      6.43 MB used.
       Both:     55.82 MB used.

Virtual space:
  Non-class space:       64.00 MB reserved,      49.50 MB ( 77%) committed,  1 nodes.
      Class space:        1.00 GB reserved,       6.50 MB ( <1%) committed,  1 nodes.
             Both:        1.06 GB reserved,      56.00 MB (  5%) committed. 

Chunk freelists:
   Non-Class:  13.75 MB
       Class:  9.44 MB
        Both:  23.19 MB

MaxMetaspaceSize: unlimited
CompressedClassSpaceSize: 1.00 GB
Initial GC threshold: 21.00 MB
Current GC threshold: 86.50 MB
CDS: off
MetaspaceReclaimPolicy: balanced
 - commit_granule_bytes: 65536.
 - commit_granule_words: 8192.
 - virtual_space_node_default_size: 8388608.
 - enlarge_chunks_in_place: 1.
 - new_chunks_are_fully_committed: 0.
 - uncommit_free_chunks: 1.
 - use_allocation_guard: 0.
 - handle_deallocations: 1.


Internal statistics:

num_allocs_failed_limit: 6.
num_arena_births: 234.
num_arena_deaths: 0.
num_vsnodes_births: 2.
num_vsnodes_deaths: 0.
num_space_committed: 894.
num_space_uncommitted: 0.
num_chunks_returned_to_freelist: 6.
num_chunks_taken_from_freelist: 1993.
num_chunk_merges: 3.
num_chunk_splits: 1619.
num_chunks_enlarged: 1431.
num_inconsistent_stats: 0.

CodeHeap 'non-profiled nmethods': size=120000Kb used=3297Kb max_used=3297Kb free=116703Kb
 bounds [0x0000020d92480000, 0x0000020d927c0000, 0x0000020d999b0000]
CodeHeap 'profiled nmethods': size=120000Kb used=18599Kb max_used=18599Kb free=101400Kb
 bounds [0x0000020d8a9b0000, 0x0000020d8bbe0000, 0x0000020d91ee0000]
CodeHeap 'non-nmethods': size=5760Kb used=1292Kb max_used=1357Kb free=4467Kb
 bounds [0x0000020d91ee0000, 0x0000020d92150000, 0x0000020d92480000]
 total_blobs=7476 nmethods=6873 adapters=513
 compilation: enabled
              stopped_count=0, restarted_count=0
 full_count=0

Compilation events (20 events):
Event: 9.145 Thread 0x0000020da31978a0 nmethod 7766 0x0000020d8bba6e10 code [0x0000020d8bba7120, 0x0000020d8bba8168]
Event: 9.145 Thread 0x0000020da31978a0 7767       3       org.jetbrains.kotlin.descriptors.impl.AbstractClassDescriptor::<init> (80 bytes)
Event: 9.146 Thread 0x0000020da31978a0 nmethod 7767 0x0000020d8bba8710 code [0x0000020d8bba8960, 0x0000020d8bba9488]
Event: 9.146 Thread 0x0000020da31978a0 7768       3       org.jetbrains.kotlin.descriptors.impl.ModuleAwareClassDescriptor::<init> (5 bytes)
Event: 9.146 Thread 0x0000020da31978a0 nmethod 7768 0x0000020d8bba9790 code [0x0000020d8bba9920, 0x0000020d8bba9a78]
Event: 9.146 Thread 0x0000020da31978a0 7769       3       org.jetbrains.kotlin.descriptors.impl.AbstractClassDescriptor$1::<init> (10 bytes)
Event: 9.146 Thread 0x0000020da31978a0 nmethod 7769 0x0000020d8bba9b10 code [0x0000020d8bba9ca0, 0x0000020d8bba9e78]
Event: 9.146 Thread 0x0000020da31978a0 7770       3       org.jetbrains.kotlin.descriptors.impl.AbstractClassDescriptor$2::<init> (10 bytes)
Event: 9.146 Thread 0x0000020da31978a0 nmethod 7770 0x0000020d8bba9f90 code [0x0000020d8bbaa120, 0x0000020d8bbaa2f8]
Event: 9.146 Thread 0x0000020da31978a0 7771       3       org.jetbrains.kotlin.descriptors.impl.AbstractClassDescriptor$3::<init> (10 bytes)
Event: 9.147 Thread 0x0000020da31978a0 nmethod 7771 0x0000020d8bbaa410 code [0x0000020d8bbaa5a0, 0x0000020d8bbaa778]
Event: 9.147 Thread 0x0000020da31978a0 7772       3       org.jetbrains.kotlin.types.AbstractClassTypeConstructor::<init> (14 bytes)
Event: 9.147 Thread 0x0000020da31978a0 nmethod 7772 0x0000020d8bbaa890 code [0x0000020d8bbaaa40, 0x0000020d8bbaabf8]
Event: 9.147 Thread 0x0000020da31978a0 7773       3       org.jetbrains.kotlin.metadata.ProtoBuf$ValueParameter::hasVarargElementTypeId (18 bytes)
Event: 9.147 Thread 0x0000020da31978a0 nmethod 7773 0x0000020d8bbaad10 code [0x0000020d8bbaaea0, 0x0000020d8bbab018]
Event: 9.148 Thread 0x0000020da31978a0 7774       3       org.jetbrains.kotlin.load.java.lazy.descriptors.LazyJavaPackageScope$classes$1::invoke (9 bytes)
Event: 9.148 Thread 0x0000020da31978a0 nmethod 7774 0x0000020d8bbab090 code [0x0000020d8bbab240, 0x0000020d8bbab468]
Event: 9.148 Thread 0x0000020da31978a0 7775       3       org.jetbrains.kotlin.load.java.lazy.descriptors.LazyJavaPackageScope$classes$1::invoke (514 bytes)
Event: 9.154 Thread 0x0000020da31978a0 nmethod 7775 0x0000020d8bbab510 code [0x0000020d8bbabea0, 0x0000020d8bbb1458]
Event: 9.155 Thread 0x0000020da31978a0 7783       3       org.jetbrains.kotlin.serialization.deserialization.descriptors.DeserializedMemberScope$OptimizedImplementation::getContributedVariables (48 bytes)

GC Heap History (20 events):
Event: 3.629 GC heap before
{Heap before GC invocations=9 (full 0):
 garbage-first heap   total 59392K, used 38205K [0x0000000741c00000, 0x0000000800000000)
  region size 2048K, 11 young (22528K), 1 survivors (2048K)
 Metaspace       used 40192K, committed 40448K, reserved 1114112K
  class space    used 4933K, committed 5056K, reserved 1048576K
}
Event: 3.635 GC heap after
{Heap after GC invocations=10 (full 0):
 garbage-first heap   total 59392K, used 21770K [0x0000000741c00000, 0x0000000800000000)
  region size 2048K, 2 young (4096K), 2 survivors (4096K)
 Metaspace       used 40192K, committed 40448K, reserved 1114112K
  class space    used 4933K, committed 5056K, reserved 1048576K
}
Event: 4.297 GC heap before
{Heap before GC invocations=10 (full 0):
 garbage-first heap   total 59392K, used 40202K [0x0000000741c00000, 0x0000000800000000)
  region size 2048K, 12 young (24576K), 2 survivors (4096K)
 Metaspace       used 44545K, committed 44736K, reserved 1114112K
  class space    used 5405K, committed 5504K, reserved 1048576K
}
Event: 4.308 GC heap after
{Heap after GC invocations=11 (full 0):
 garbage-first heap   total 59392K, used 24161K [0x0000000741c00000, 0x0000000800000000)
  region size 2048K, 2 young (4096K), 2 survivors (4096K)
 Metaspace       used 44545K, committed 44736K, reserved 1114112K
  class space    used 5405K, committed 5504K, reserved 1048576K
}
Event: 4.708 GC heap before
{Heap before GC invocations=11 (full 0):
 garbage-first heap   total 59392K, used 44641K [0x0000000741c00000, 0x0000000800000000)
  region size 2048K, 11 young (22528K), 2 survivors (4096K)
 Metaspace       used 47806K, committed 48000K, reserved 1114112K
  class space    used 5805K, committed 5888K, reserved 1048576K
}
Event: 4.715 GC heap after
{Heap after GC invocations=12 (full 0):
 garbage-first heap   total 59392K, used 29679K [0x0000000741c00000, 0x0000000800000000)
  region size 2048K, 2 young (4096K), 2 survivors (4096K)
 Metaspace       used 47806K, committed 48000K, reserved 1114112K
  class space    used 5805K, committed 5888K, reserved 1048576K
}
Event: 5.112 GC heap before
{Heap before GC invocations=12 (full 0):
 garbage-first heap   total 59392K, used 44015K [0x0000000741c00000, 0x0000000800000000)
  region size 2048K, 9 young (18432K), 2 survivors (4096K)
 Metaspace       used 50540K, committed 50752K, reserved 1114112K
  class space    used 6118K, committed 6208K, reserved 1048576K
}
Event: 5.124 GC heap after
{Heap after GC invocations=13 (full 0):
 garbage-first heap   total 75776K, used 31572K [0x0000000741c00000, 0x0000000800000000)
  region size 2048K, 1 young (2048K), 1 survivors (2048K)
 Metaspace       used 50540K, committed 50752K, reserved 1114112K
  class space    used 6118K, committed 6208K, reserved 1048576K
}
Event: 5.406 GC heap before
{Heap before GC invocations=13 (full 0):
 garbage-first heap   total 75776K, used 52052K [0x0000000741c00000, 0x0000000800000000)
  region size 2048K, 12 young (24576K), 1 survivors (2048K)
 Metaspace       used 50940K, committed 51200K, reserved 1114112K
  class space    used 6137K, committed 6208K, reserved 1048576K
}
Event: 5.419 GC heap after
{Heap after GC invocations=14 (full 0):
 garbage-first heap   total 75776K, used 35700K [0x0000000741c00000, 0x0000000800000000)
  region size 2048K, 2 young (4096K), 2 survivors (4096K)
 Metaspace       used 50940K, committed 51200K, reserved 1114112K
  class space    used 6137K, committed 6208K, reserved 1048576K
}
Event: 5.544 GC heap before
{Heap before GC invocations=14 (full 0):
 garbage-first heap   total 75776K, used 56180K [0x0000000741c00000, 0x0000000800000000)
  region size 2048K, 12 young (24576K), 2 survivors (4096K)
 Metaspace       used 50998K, committed 51200K, reserved 1114112K
  class space    used 6137K, committed 6208K, reserved 1048576K
}
Event: 5.556 GC heap after
{Heap after GC invocations=15 (full 0):
 garbage-first heap   total 75776K, used 37145K [0x0000000741c00000, 0x0000000800000000)
  region size 2048K, 1 young (2048K), 1 survivors (2048K)
 Metaspace       used 50998K, committed 51200K, reserved 1114112K
  class space    used 6137K, committed 6208K, reserved 1048576K
}
Event: 6.290 GC heap before
{Heap before GC invocations=15 (full 0):
 garbage-first heap   total 75776K, used 55577K [0x0000000741c00000, 0x0000000800000000)
  region size 2048K, 10 young (20480K), 1 survivors (2048K)
 Metaspace       used 52835K, committed 53056K, reserved 1114112K
  class space    used 6316K, committed 6400K, reserved 1048576K
}
Event: 6.304 GC heap after
{Heap after GC invocations=16 (full 0):
 garbage-first heap   total 75776K, used 40652K [0x0000000741c00000, 0x0000000800000000)
  region size 2048K, 2 young (4096K), 2 survivors (4096K)
 Metaspace       used 52835K, committed 53056K, reserved 1114112K
  class space    used 6316K, committed 6400K, reserved 1048576K
}
Event: 7.060 GC heap before
{Heap before GC invocations=17 (full 0):
 garbage-first heap   total 75776K, used 59084K [0x0000000741c00000, 0x0000000800000000)
  region size 2048K, 11 young (22528K), 2 survivors (4096K)
 Metaspace       used 53930K, committed 54144K, reserved 1114112K
  class space    used 6369K, committed 6464K, reserved 1048576K
}
Event: 7.073 GC heap after
{Heap after GC invocations=18 (full 0):
 garbage-first heap   total 75776K, used 44009K [0x0000000741c00000, 0x0000000800000000)
  region size 2048K, 2 young (4096K), 2 survivors (4096K)
 Metaspace       used 53930K, committed 54144K, reserved 1114112K
  class space    used 6369K, committed 6464K, reserved 1048576K
}
Event: 7.117 GC heap before
{Heap before GC invocations=18 (full 0):
 garbage-first heap   total 75776K, used 46057K [0x0000000741c00000, 0x0000000800000000)
  region size 2048K, 3 young (6144K), 2 survivors (4096K)
 Metaspace       used 53977K, committed 54208K, reserved 1114112K
  class space    used 6369K, committed 6464K, reserved 1048576K
}
Event: 7.124 GC heap after
{Heap after GC invocations=19 (full 0):
 garbage-first heap   total 112640K, used 43683K [0x0000000741c00000, 0x0000000800000000)
  region size 2048K, 1 young (2048K), 1 survivors (2048K)
 Metaspace       used 53977K, committed 54208K, reserved 1114112K
  class space    used 6369K, committed 6464K, reserved 1048576K
}
Event: 9.024 GC heap before
{Heap before GC invocations=19 (full 0):
 garbage-first heap   total 112640K, used 82595K [0x0000000741c00000, 0x0000000800000000)
  region size 2048K, 20 young (40960K), 1 survivors (2048K)
 Metaspace       used 56899K, committed 57088K, reserved 1114112K
  class space    used 6559K, committed 6656K, reserved 1048576K
}
Event: 9.038 GC heap after
{Heap after GC invocations=20 (full 0):
 garbage-first heap   total 112640K, used 47525K [0x0000000741c00000, 0x0000000800000000)
  region size 2048K, 3 young (6144K), 3 survivors (6144K)
 Metaspace       used 56899K, committed 57088K, reserved 1114112K
  class space    used 6559K, committed 6656K, reserved 1048576K
}

Dll operation events (2 events):
Event: 0.021 Loaded shared library C:\Program Files\Android\Android Studio\jbr\bin\java.dll
Event: 2.104 Loaded shared library C:\Program Files\Android\Android Studio\jbr\bin\verify.dll

Deoptimization events (20 events):
Event: 8.953 Thread 0x0000020d874cf260 DEOPT PACKING pc=0x0000020d927983ec sp=0x0000005bb05fc340
Event: 8.953 Thread 0x0000020d874cf260 DEOPT UNPACKING pc=0x0000020d91f369a3 sp=0x0000005bb05fc280 mode 2
Event: 8.999 Thread 0x0000020d874cf260 Uncommon trap: trap_request=0xffffff45 fr.pc=0x0000020d9252f598 relative=0x0000000000000658
Event: 8.999 Thread 0x0000020d874cf260 Uncommon trap: reason=unstable_if action=reinterpret pc=0x0000020d9252f598 method=org.jetbrains.kotlin.util.slicedMap.SlicedMapImpl.put(Lorg/jetbrains/kotlin/util/slicedMap/WritableSlice;Ljava/lang/Object;Ljava/lang/Object;)V @ 102 c2
Event: 8.999 Thread 0x0000020d874cf260 DEOPT PACKING pc=0x0000020d9252f598 sp=0x0000005bb05fc050
Event: 8.999 Thread 0x0000020d874cf260 DEOPT UNPACKING pc=0x0000020d91f369a3 sp=0x0000005bb05fc020 mode 2
Event: 9.081 Thread 0x0000020d874cf260 Uncommon trap: trap_request=0xffffffde fr.pc=0x0000020d92568bf4 relative=0x0000000000000074
Event: 9.081 Thread 0x0000020d874cf260 Uncommon trap: reason=class_check action=maybe_recompile pc=0x0000020d92568bf4 method=java.util.Collections$UnmodifiableCollection.size()I @ 4 c2
Event: 9.081 Thread 0x0000020d874cf260 DEOPT PACKING pc=0x0000020d92568bf4 sp=0x0000005bb05f7e60
Event: 9.081 Thread 0x0000020d874cf260 DEOPT UNPACKING pc=0x0000020d91f369a3 sp=0x0000005bb05f7de8 mode 2
Event: 9.092 Thread 0x0000020d874cf260 Uncommon trap: trap_request=0xffffff45 fr.pc=0x0000020d92662178 relative=0x0000000000000d38
Event: 9.092 Thread 0x0000020d874cf260 Uncommon trap: reason=unstable_if action=reinterpret pc=0x0000020d92662178 method=org.jetbrains.kotlin.serialization.deserialization.descriptors.DeserializedMemberScope$OptimizedImplementation.getContributedVariables(Lorg/jetbrains/kotlin/name/Name;Lorg/j
Event: 9.092 Thread 0x0000020d874cf260 DEOPT PACKING pc=0x0000020d92662178 sp=0x0000005bb05f8ab0
Event: 9.092 Thread 0x0000020d874cf260 DEOPT UNPACKING pc=0x0000020d91f369a3 sp=0x0000005bb05f89f8 mode 2
Event: 9.097 Thread 0x0000020d874cf260 DEOPT PACKING pc=0x0000020d8b1e4dd8 sp=0x0000005bb05f8410
Event: 9.097 Thread 0x0000020d874cf260 DEOPT UNPACKING pc=0x0000020d91f37143 sp=0x0000005bb05f78d0 mode 0
Event: 9.109 Thread 0x0000020d874cf260 Uncommon trap: trap_request=0xffffffde fr.pc=0x0000020d92568bf4 relative=0x0000000000000074
Event: 9.109 Thread 0x0000020d874cf260 Uncommon trap: reason=class_check action=maybe_recompile pc=0x0000020d92568bf4 method=java.util.Collections$UnmodifiableCollection.size()I @ 4 c2
Event: 9.109 Thread 0x0000020d874cf260 DEOPT PACKING pc=0x0000020d92568bf4 sp=0x0000005bb05f7e60
Event: 9.109 Thread 0x0000020d874cf260 DEOPT UNPACKING pc=0x0000020d91f369a3 sp=0x0000005bb05f7de8 mode 2

Classes unloaded (0 events):
No events

Classes redefined (0 events):
No events

Internal exceptions (20 events):
Event: 2.035 Thread 0x0000020d874cf260 Exception <a 'java/lang/NoSuchMethodError'{0x0000000743bbd680}: 'void java.lang.invoke.DirectMethodHandle$Holder.invokeStaticInit(java.lang.Object, java.lang.Object)'> (0x0000000743bbd680) 
thrown [s\src\hotspot\share\interpreter\linkResolver.cpp, line 771]
Event: 2.189 Thread 0x0000020d874cf260 Exception <a 'java/lang/NoSuchMethodError'{0x0000000743547ad0}: 'void java.lang.invoke.DirectMethodHandle$Holder.invokeVirtual(java.lang.Object, java.lang.Object)'> (0x0000000743547ad0) 
thrown [s\src\hotspot\share\interpreter\linkResolver.cpp, line 771]
Event: 2.197 Thread 0x0000020d874cf260 Exception <a 'java/lang/NoSuchMethodError'{0x0000000743593438}: 'int java.lang.invoke.DirectMethodHandle$Holder.invokeVirtual(java.lang.Object, java.lang.Object)'> (0x0000000743593438) 
thrown [s\src\hotspot\share\interpreter\linkResolver.cpp, line 771]
Event: 2.210 Thread 0x0000020d874cf260 Exception <a 'java/lang/NoSuchMethodError'{0x000000074322b0c0}: 'java.lang.Object java.lang.invoke.Invokers$Holder.invokeExact_MT(java.lang.Object, java.lang.Object, java.lang.Object, java.lang.Object, java.lang.Object, java.lang.Object)'> (0x000000074322b0c0) 
thrown [s\src\hotspot\share\interpreter\linkResolver.cpp, line 771]
Event: 2.833 Thread 0x0000020d874cf260 Implicit null exception at 0x0000020d92498b72 to 0x0000020d924991cc
Event: 2.952 Thread 0x0000020d874cf260 Implicit null exception at 0x0000020d9249a272 to 0x0000020d9249a8ec
Event: 2.997 Thread 0x0000020d874cf260 Exception <a 'java/lang/NoSuchMethodError'{0x0000000744051c58}: 'java.lang.Object java.lang.invoke.DirectMethodHandle$Holder.invokeVirtual(java.lang.Object, java.lang.Object, java.lang.Object)'> (0x0000000744051c58) 
thrown [s\src\hotspot\share\interpreter\linkResolver.cpp, line 771]
Event: 3.853 Thread 0x0000020d874cf260 Exception <a 'java/lang/NoSuchMethodError'{0x0000000744b24dc8}: 'java.lang.Object java.lang.invoke.DirectMethodHandle$Holder.newInvokeSpecial(java.lang.Object, java.lang.Object, int)'> (0x0000000744b24dc8) 
thrown [s\src\hotspot\share\interpreter\linkResolver.cpp, line 771]
Event: 3.991 Thread 0x0000020d874cf260 Implicit null exception at 0x0000020d925af94c to 0x0000020d925afa44
Event: 4.257 Thread 0x0000020d874cf260 Exception <a 'java/lang/NoSuchMethodError'{0x00000007442c06e0}: 'java.lang.Object java.lang.invoke.DirectMethodHandle$Holder.newInvokeSpecial(java.lang.Object, java.lang.Object, java.lang.Object, int)'> (0x00000007442c06e0) 
thrown [s\src\hotspot\share\interpreter\linkResolver.cpp, line 771]
Event: 4.257 Thread 0x0000020d874cf260 Exception <a 'java/lang/NoSuchMethodError'{0x00000007442c4d68}: 'java.lang.Object java.lang.invoke.DirectMethodHandle$Holder.invokeSpecial(java.lang.Object, java.lang.Object, java.lang.Object, java.lang.Object, int)'> (0x00000007442c4d68) 
thrown [s\src\hotspot\share\interpreter\linkResolver.cpp, line 771]
Event: 4.258 Thread 0x0000020d874cf260 Exception <a 'java/lang/NoSuchMethodError'{0x00000007442c8bd8}: 'java.lang.Object java.lang.invoke.Invokers$Holder.linkToTargetMethod(java.lang.Object, java.lang.Object, int, java.lang.Object)'> (0x00000007442c8bd8) 
thrown [s\src\hotspot\share\interpreter\linkResolver.cpp, line 771]
Event: 5.109 Thread 0x0000020d874cf260 Exception <a 'java/lang/NoSuchMethodError'{0x00000007449cbd30}: 'java.lang.Object java.lang.invoke.DirectMethodHandle$Holder.newInvokeSpecial(java.lang.Object, java.lang.Object, java.lang.Object, java.lang.Object, java.lang.Object, java.lang.Object)'> (0x00000007449cbd30) 
thrown [s\src\hotspot\share\interpreter\linkResolver.cpp, line 771]
Event: 6.507 Thread 0x0000020d874cf260 Exception <a 'java/lang/NoSuchMethodError'{0x000000074b80eb08}: 'java.lang.Object java.lang.invoke.DirectMethodHandle$Holder.invokeStaticInit(java.lang.Object, java.lang.Object, java.lang.Object)'> (0x000000074b80eb08) 
thrown [s\src\hotspot\share\interpreter\linkResolver.cpp, line 771]
Event: 7.650 Thread 0x0000020d874cf260 Implicit null exception at 0x0000020d9272ff4c to 0x0000020d92730394
Event: 7.665 Thread 0x0000020d874cf260 Implicit null exception at 0x0000020d924cc20f to 0x0000020d924cc4a8
Event: 8.690 Thread 0x0000020d874cf260 Implicit null exception at 0x0000020d9277a2c0 to 0x0000020d9277b5dc
Event: 8.690 Thread 0x0000020d874cf260 Implicit null exception at 0x0000020d9277ea60 to 0x0000020d9277fbfc
Event: 8.690 Thread 0x0000020d874cf260 Implicit null exception at 0x0000020d927833b3 to 0x0000020d92783b04
Event: 8.801 Thread 0x0000020d874cf260 Exception <a 'java/lang/NoSuchMethodError'{0x0000000746931ff8}: 'int java.lang.invoke.DirectMethodHandle$Holder.invokeStaticInit(java.lang.Object, int)'> (0x0000000746931ff8) 
thrown [s\src\hotspot\share\interpreter\linkResolver.cpp, line 771]

VM Operations (20 events):
Event: 8.645 Executing VM operation: HandshakeAllThreads
Event: 8.645 Executing VM operation: HandshakeAllThreads done
Event: 8.646 Executing VM operation: HandshakeAllThreads
Event: 8.646 Executing VM operation: HandshakeAllThreads done
Event: 8.661 Executing VM operation: ICBufferFull
Event: 8.661 Executing VM operation: ICBufferFull done
Event: 8.804 Executing VM operation: HandshakeAllThreads
Event: 8.804 Executing VM operation: HandshakeAllThreads done
Event: 8.840 Executing VM operation: ICBufferFull
Event: 8.840 Executing VM operation: ICBufferFull done
Event: 8.974 Executing VM operation: ICBufferFull
Event: 8.974 Executing VM operation: ICBufferFull done
Event: 9.024 Executing VM operation: G1CollectForAllocation
Event: 9.038 Executing VM operation: G1CollectForAllocation done
Event: 9.049 Executing VM operation: HandshakeAllThreads
Event: 9.049 Executing VM operation: HandshakeAllThreads done
Event: 9.059 Executing VM operation: HandshakeAllThreads
Event: 9.059 Executing VM operation: HandshakeAllThreads done
Event: 9.095 Executing VM operation: HandshakeAllThreads
Event: 9.095 Executing VM operation: HandshakeAllThreads done

Events (20 events):
Event: 7.507 Thread 0x0000020da319e6f0 flushing nmethod 0x0000020d8b783010
Event: 7.507 Thread 0x0000020da319e6f0 flushing nmethod 0x0000020d8b788490
Event: 7.654 Thread 0x0000020da8f7d240 Thread exited: 0x0000020da8f7d240
Event: 7.686 Thread 0x0000020da3805020 Thread added: 0x0000020da3805020
Event: 9.104 loading class jdk/internal/math/FloatingDecimal
Event: 9.105 loading class jdk/internal/math/FloatingDecimal done
Event: 9.105 loading class jdk/internal/math/FloatingDecimal$ExceptionalBinaryToASCIIBuffer
Event: 9.105 loading class jdk/internal/math/FloatingDecimal$BinaryToASCIIConverter
Event: 9.105 loading class jdk/internal/math/FloatingDecimal$BinaryToASCIIConverter done
Event: 9.105 loading class jdk/internal/math/FloatingDecimal$ExceptionalBinaryToASCIIBuffer done
Event: 9.105 loading class jdk/internal/math/FloatingDecimal$BinaryToASCIIBuffer
Event: 9.106 loading class jdk/internal/math/FloatingDecimal$BinaryToASCIIBuffer done
Event: 9.106 loading class jdk/internal/math/FloatingDecimal$1
Event: 9.106 loading class jdk/internal/math/FloatingDecimal$1 done
Event: 9.106 loading class jdk/internal/math/FloatingDecimal$PreparedASCIIToBinaryBuffer
Event: 9.106 loading class jdk/internal/math/FloatingDecimal$ASCIIToBinaryConverter
Event: 9.106 loading class jdk/internal/math/FloatingDecimal$ASCIIToBinaryConverter done
Event: 9.106 loading class jdk/internal/math/FloatingDecimal$PreparedASCIIToBinaryBuffer done
Event: 9.106 loading class jdk/internal/math/FloatingDecimal$ASCIIToBinaryBuffer
Event: 9.106 loading class jdk/internal/math/FloatingDecimal$ASCIIToBinaryBuffer done


Dynamic libraries:
0x00007ff6af6f0000 - 0x00007ff6af6fa000 	C:\Program Files\Android\Android Studio\jbr\bin\java.exe
0x00007ff8f3170000 - 0x00007ff8f3368000 	C:\Windows\SYSTEM32\ntdll.dll
0x00007ff8f21a0000 - 0x00007ff8f2261000 	C:\Windows\System32\KERNEL32.DLL
0x00007ff8f0b90000 - 0x00007ff8f0e86000 	C:\Windows\System32\KERNELBASE.dll
0x00007ff8f0850000 - 0x00007ff8f0950000 	C:\Windows\System32\ucrtbase.dll
0x00007ff8c7ef0000 - 0x00007ff8c7f07000 	C:\Program Files\Android\Android Studio\jbr\bin\jli.dll
0x00007ff8f2390000 - 0x00007ff8f252f000 	C:\Windows\System32\USER32.dll
0x00007ff8f0820000 - 0x00007ff8f0842000 	C:\Windows\System32\win32u.dll
0x00007ff8f2530000 - 0x00007ff8f255b000 	C:\Windows\System32\GDI32.dll
0x00007ff8f0a70000 - 0x00007ff8f0b87000 	C:\Windows\System32\gdi32full.dll
0x00007ff8f10b0000 - 0x00007ff8f114d000 	C:\Windows\System32\msvcp_win.dll
0x00007ff8c6380000 - 0x00007ff8c639b000 	C:\Program Files\Android\Android Studio\jbr\bin\VCRUNTIME140.dll
0x00007ff8db440000 - 0x00007ff8db6da000 	C:\Windows\WinSxS\amd64_microsoft.windows.common-controls_6595b64144ccf1df_6.0.19041.4355_none_60b8b9eb71f62e16\COMCTL32.dll
0x00007ff8f3090000 - 0x00007ff8f312e000 	C:\Windows\System32\msvcrt.dll
0x00007ff8f11a0000 - 0x00007ff8f11cf000 	C:\Windows\System32\IMM32.DLL
0x00007ff8ed060000 - 0x00007ff8ed06c000 	C:\Program Files\Android\Android Studio\jbr\bin\vcruntime140_1.dll
0x00007ff8b95c0000 - 0x00007ff8b964d000 	C:\Program Files\Android\Android Studio\jbr\bin\msvcp140.dll
0x00007ff8c6910000 - 0x00007ff8c7593000 	C:\Program Files\Android\Android Studio\jbr\bin\server\jvm.dll
0x00007ff8f20f0000 - 0x00007ff8f21a0000 	C:\Windows\System32\ADVAPI32.dll
0x00007ff8f2ea0000 - 0x00007ff8f2f40000 	C:\Windows\System32\sechost.dll
0x00007ff8f2560000 - 0x00007ff8f2683000 	C:\Windows\System32\RPCRT4.dll
0x00007ff8f0e90000 - 0x00007ff8f0eb7000 	C:\Windows\System32\bcrypt.dll
0x00007ff8efc50000 - 0x00007ff8efc9b000 	C:\Windows\SYSTEM32\POWRPROF.dll
0x00007ff8d7df0000 - 0x00007ff8d7df9000 	C:\Windows\SYSTEM32\WSOCK32.dll
0x00007ff8f1a00000 - 0x00007ff8f1a6b000 	C:\Windows\System32\WS2_32.dll
0x00007ff8dc170000 - 0x00007ff8dc197000 	C:\Windows\SYSTEM32\WINMM.dll
0x00007ff8e6270000 - 0x00007ff8e627a000 	C:\Windows\SYSTEM32\VERSION.dll
0x00007ff8efbf0000 - 0x00007ff8efc02000 	C:\Windows\SYSTEM32\UMPDC.dll
0x00007ff8ef260000 - 0x00007ff8ef272000 	C:\Windows\SYSTEM32\kernel.appcore.dll
0x00007ff8dae20000 - 0x00007ff8dae2a000 	C:\Program Files\Android\Android Studio\jbr\bin\jimage.dll
0x00007ff8eecc0000 - 0x00007ff8eeea4000 	C:\Windows\SYSTEM32\DBGHELP.DLL
0x00007ff8c98f0000 - 0x00007ff8c9924000 	C:\Windows\SYSTEM32\dbgcore.DLL
0x00007ff8f1020000 - 0x00007ff8f10a2000 	C:\Windows\System32\bcryptPrimitives.dll
0x00007ff8da6f0000 - 0x00007ff8da715000 	C:\Program Files\Android\Android Studio\jbr\bin\java.dll
0x00007ff8da910000 - 0x00007ff8da928000 	C:\Program Files\Android\Android Studio\jbr\bin\zip.dll
0x00007ff8f2690000 - 0x00007ff8f2dfc000 	C:\Windows\System32\SHELL32.dll
0x00007ff8ee430000 - 0x00007ff8eebce000 	C:\Windows\SYSTEM32\windows.storage.dll
0x00007ff8f16a0000 - 0x00007ff8f19f3000 	C:\Windows\System32\combase.dll
0x00007ff8f0240000 - 0x00007ff8f026e000 	C:\Windows\SYSTEM32\Wldp.dll
0x00007ff8f2fc0000 - 0x00007ff8f308d000 	C:\Windows\System32\OLEAUT32.dll
0x00007ff8f1a70000 - 0x00007ff8f1b1d000 	C:\Windows\System32\SHCORE.dll
0x00007ff8f2e30000 - 0x00007ff8f2e85000 	C:\Windows\System32\shlwapi.dll
0x00007ff8f0750000 - 0x00007ff8f0774000 	C:\Windows\SYSTEM32\profapi.dll
0x00007ff8da5f0000 - 0x00007ff8da609000 	C:\Program Files\Android\Android Studio\jbr\bin\net.dll
0x00007ff8e2220000 - 0x00007ff8e232a000 	C:\Windows\SYSTEM32\WINHTTP.dll
0x00007ff8effa0000 - 0x00007ff8f000a000 	C:\Windows\system32\mswsock.dll
0x00007ff8cbdb0000 - 0x00007ff8cbdc6000 	C:\Program Files\Android\Android Studio\jbr\bin\nio.dll
0x00007ff8dae10000 - 0x00007ff8dae20000 	C:\Program Files\Android\Android Studio\jbr\bin\verify.dll

dbghelp: loaded successfully - version: 4.0.5 - missing functions: none
symbol engine: initialized successfully - sym options: 0x614 - pdb path: .;C:\Program Files\Android\Android Studio\jbr\bin;C:\Windows\SYSTEM32;C:\Windows\WinSxS\amd64_microsoft.windows.common-controls_6595b64144ccf1df_6.0.19041.4355_none_60b8b9eb71f62e16;C:\Program Files\Android\Android Studio\jbr\bin\server

VM Arguments:
java_command: org.jetbrains.kotlin.cli.jvm.K2JVMCompiler @D:\AndroidProg\Algo\app\build\20240805_8128086706632621542.compiler.options
java_class_path (initial): C:\Users\Admin\.gradle\caches\modules-2\files-2.1\org.jetbrains.kotlin\kotlin-compiler-embeddable\1.9.0\2c8c3a7402becca891f12739b3e9fd2dc2adbd7a\kotlin-compiler-embeddable-1.9.0.jar;C:\Users\Admin\.gradle\caches\modules-2\files-2.1\org.jetbrains.kotlin\kotlin-stdlib\1.9.0\8ee15ef0c67dc83d874f412d84378d7f0eb50b63\kotlin-stdlib-1.9.0.jar;C:\Users\Admin\.gradle\caches\modules-2\files-2.1\org.jetbrains.kotlin\kotlin-script-runtime\1.9.0\4b3102cbbb7e1b58d9d1adf89563f00069ffa7d1\kotlin-script-runtime-1.9.0.jar;C:\Users\Admin\.gradle\caches\modules-2\files-2.1\org.jetbrains.kotlin\kotlin-reflect\1.6.10\1cbe9c92c12a94eea200d23c2bbaedaf3daf5132\kotlin-reflect-1.6.10.jar;C:\Users\Admin\.gradle\caches\modules-2\files-2.1\org.jetbrains.kotlin\kotlin-daemon-embeddable\1.9.0\186543f5e28cf8d9a0290fecc2cf34301c40a65c\kotlin-daemon-embeddable-1.9.0.jar;C:\Users\Admin\.gradle\caches\modules-2\files-2.1\org.jetbrains.intellij.deps\trove4j\1.0.20200330\3afb14d5f9ceb459d724e907a21145e8ff394f02\trove4j-1.0.20200330.jar;C:\Users\Admin\.gradle\caches\modules-2\files-2.1\org.jetbrains.kotlin\kotlin-stdlib-common\1.9.0\cd65c21cfd1eec4d44ef09f9f52b6d9f8a720636\kotlin-stdlib-common-1.9.0.jar;C:\Users\Admin\.gradle\caches\modules-2\files-2.1\org.jetbrains\annotations\13.0\919f0dfe192fb4e063e7dacadee7f8bb9a2672a9\annotations-13.0.jar
Launcher Type: SUN_STANDARD

[Global flags]
     intx CICompilerCount                          = 3                                         {product} {ergonomic}
     uint ConcGCThreads                            = 1                                         {product} {ergonomic}
     uint G1ConcRefinementThreads                  = 4                                         {product} {ergonomic}
   size_t G1HeapRegionSize                         = 2097152                                   {product} {ergonomic}
    uintx GCDrainStackTargetSize                   = 64                                        {product} {ergonomic}
   size_t InitialHeapSize                          = 201326592                                 {product} {ergonomic}
   size_t MarkStackSize                            = 4194304                                   {product} {ergonomic}
   size_t MaxHeapSize                              = 3191865344                                {product} {ergonomic}
   size_t MaxNewSize                               = 1914699776                                {product} {ergonomic}
   size_t MinHeapDeltaBytes                        = 2097152                                   {product} {ergonomic}
   size_t MinHeapSize                              = 8388608                                   {product} {ergonomic}
    uintx NonNMethodCodeHeapSize                   = 5832780                                {pd product} {ergonomic}
    uintx NonProfiledCodeHeapSize                  = 122912730                              {pd product} {ergonomic}
    uintx ProfiledCodeHeapSize                     = 122912730                              {pd product} {ergonomic}
    uintx ReservedCodeCacheSize                    = 251658240                              {pd product} {ergonomic}
     bool SegmentedCodeCache                       = true                                      {product} {ergonomic}
   size_t SoftMaxHeapSize                          = 3191865344                             {manageable} {ergonomic}
     bool UseCompressedClassPointers               = true                           {product lp64_product} {ergonomic}
     bool UseCompressedOops                        = true                           {product lp64_product} {ergonomic}
     bool UseG1GC                                  = true                                      {product} {ergonomic}
     bool UseLargePagesIndividualAllocation        = false                                  {pd product} {ergonomic}

Logging:
Log output configuration:
 #0: stdout all=warning uptime,level,tags
 #1: stderr all=off uptime,level,tags

Environment Variables:
JAVA_HOME=C:\Program Files\Java\jdk1.8.0_331
PATH=C:\ProgramData\Oracle\Java\javapath;C:\Program Files\Common Files\Oracle\Java\javapath;C:\Program Files (x86)\Common Files\Intel\Shared Libraries\redist\intel64\compiler;C:\Program Files (x86)\Intel\iCLS Client\;C:\Program Files\Intel\iCLS Client\;C:\Windows\system32;C:\Windows;C:\Windows\System32\Wbem;C:\Windows\System32\WindowsPowerShell\v1.0\;C:\Windows\System32\OpenSSH\;C:\Program Files (x86)\NVIDIA Corporation\PhysX\Common;C:\Program Files (x86)\Intel\Intel(R) Management Engine Components\DAL;C:\Program Files\Intel\Intel(R) Management Engine Components\DAL;C:\Program Files (x86)\Intel\Intel(R) Management Engine Components\IPT;C:\Program Files\Intel\Intel(R) Management Engine Components\IPT;C:\Program Files\NVIDIA Corporation\NVIDIA NvDLISR;C:\Program Files\Java\jdk1.8.0_331\bin;C:\Program Files\dotnet\;C:\Program Files\ojdkbuild\java-11-openjdk-11.0.15-1\bin;C:\Program Files\Git\cmd;C:\Program Files\Java\jdk-20\bin;C:\Users\Admin\AppData\Local\GitHubDesktop\bin;C:\Users\Admin\AppData\Local\Programs\Microsoft VS Code\bin
USERNAME=Admin
OS=Windows_NT
PROCESSOR_IDENTIFIER=Intel64 Family 6 Model 142 Stepping 9, GenuineIntel
TMP=C:\Users\Admin\AppData\Local\Temp
TEMP=C:\Users\Admin\AppData\Local\Temp



Periodic native trim disabled

JNI global refs:
JNI global refs: 10, weak refs: 5

JNI global refs memory usage: 843, weak refs: 841

OOME stack traces (most recent first):
Classloader memory used:
Loader jdk.internal.loader.ClassLoaders$AppClassLoader                                 : 5783K
Loader bootstrap                                                                       : 1321K
Loader java.net.URLClassLoader                                                         : 29300B
Loader jdk.internal.reflect.DelegatingClassLoader                                      : 16212B


---------------  S Y S T E M  ---------------

OS:
 Windows 10 , 64 bit Build 19041 (10.0.19041.4597)
OS uptime: 0 days 11:14 hours
Hyper-V role detected

CPU: total 4 (initial active 4) (2 cores per cpu, 2 threads per core) family 6 model 142 stepping 9 microcode 0xb4, cx8, cmov, fxsr, ht, mmx, 3dnowpref, sse, sse2, sse3, ssse3, sse4.1, sse4.2, popcnt, lzcnt, tsc, tscinvbit, avx, avx2, aes, erms, clmul, bmi1, bmi2, adx, fma, vzeroupper, clflush, clflushopt, hv
Processor Information for all 4 processors :
  Max Mhz: 2904, Current Mhz: 2703, Mhz Limit: 2700

Memory: 4k page, system-wide physical 12171M (646M free)
TotalPageFile size 14219M (AvailPageFile size 7M)
current process WorkingSet (physical memory assigned to process): 274M, peak: 274M
current process commit charge ("private bytes"): 305M, peak: 308M

vm_info: OpenJDK 64-Bit Server VM (17.0.10+0--11609105) for windows-amd64 JRE (17.0.10+0--11609105), built on Mar 21 2024 19:10:56 by "androidbuild" with MS VC++ 16.10 / 16.11 (VS2019)

END.
