#
# There is insufficient memory for the Java Runtime Environment to continue.
# Native memory allocation (mmap) failed to map 201326592 bytes for G1 virtual space
# Possible reasons:
#   The system is out of physical RAM or swap space
#   The process is running with CompressedOops enabled, and the Java Heap may be blocking the growth of the native heap
# Possible solutions:
#   Reduce memory load on the system
#   Increase physical memory or swap space
#   Check if swap backing store is full
#   Decrease Java heap size (-Xmx/-Xms)
#   Decrease number of Java threads
#   Decrease Java thread stack sizes (-Xss)
#   Set larger code cache with -XX:ReservedCodeCacheSize=
#   JVM is running with Zero Based Compressed Oops mode in which the Java heap is
#     placed in the first 32GB address space. The Java Heap base address is the
#     maximum limit for the native heap growth. Please use -XX:HeapBaseMinAddress
#     to set the Java Heap base and to place the Java Heap above 32GB virtual address.
# This output file may be truncated or incomplete.
#
#  Out of Memory Error (os_windows.cpp:3825), pid=9988, tid=2232
#
# JRE version:  (17.0.10) (build )
# Java VM: OpenJDK 64-Bit Server VM (17.0.10+0--11609105, mixed mode, sharing, tiered, compressed oops, compressed class ptrs, g1 gc, windows-amd64)
# No core dump will be written. Minidumps are not enabled by default on client versions of Windows
#

---------------  S U M M A R Y ------------

Command Line: org.jetbrains.kotlin.cli.jvm.K2JVMCompiler @D:\AndroidProg\Algo\app\build\20240720_12466557909312443949.compiler.options

Host: Intel(R) Core(TM) i7-7500U CPU @ 2.70GHz, 4 cores, 11G,  Windows 10 , 64 bit Build 19041 (10.0.19041.4597)
Time: Sat Jul 20 17:47:06 2024 India Standard Time elapsed time: 0.088643 seconds (0d 0h 0m 0s)

---------------  T H R E A D  ---------------

Current thread (0x000001729c0af160):  JavaThread "Unknown thread" [_thread_in_vm, id=2232, stack(0x0000002788500000,0x0000002788600000)]

Stack: [0x0000002788500000,0x0000002788600000]
Native frames: (J=compiled Java code, j=interpreted, Vv=VM code, C=native code)
V  [jvm.dll+0x688de9]
V  [jvm.dll+0x8423da]
V  [jvm.dll+0x84401e]
V  [jvm.dll+0x844683]
V  [jvm.dll+0x24be0f]
V  [jvm.dll+0x685bb9]
V  [jvm.dll+0x67a46a]
V  [jvm.dll+0x30cbab]
V  [jvm.dll+0x314056]
V  [jvm.dll+0x363dce]
V  [jvm.dll+0x363fff]
V  [jvm.dll+0x2e2978]
V  [jvm.dll+0x2e38e4]
V  [jvm.dll+0x812f71]
V  [jvm.dll+0x371c81]
V  [jvm.dll+0x7f1ac6]
V  [jvm.dll+0x3f58df]
V  [jvm.dll+0x3f7511]
C  [jli.dll+0x528f]
C  [ucrtbase.dll+0x21bb2]
C  [KERNEL32.DLL+0x17374]
C  [ntdll.dll+0x4cc91]


---------------  P R O C E S S  ---------------

Threads class SMR info:
_java_thread_list=0x00007fffaefdef58, length=0, elements={
}

Java Threads: ( => current thread )

Other Threads:
  0x000001729c106c00 GCTaskThread "GC Thread#0" [stack: 0x0000002788600000,0x0000002788700000] [id=9760]
  0x000001729c113990 ConcurrentGCThread "G1 Main Marker" [stack: 0x0000002788700000,0x0000002788800000] [id=4584]
  0x000001729c1153c0 ConcurrentGCThread "G1 Conc#0" [stack: 0x0000002788800000,0x0000002788900000] [id=11288]

[error occurred during error reporting (printing all threads), id 0xc0000005, EXCEPTION_ACCESS_VIOLATION (0xc0000005) at pc=0x00007fffae793547]

VM state: not at safepoint (not fully initialized)

VM Mutex/Monitor currently owned by a thread:  ([mutex/lock_event])
[0x000001729c0ac510] Heap_lock - owner thread: 0x000001729c0af160

Heap address: 0x0000000741c00000, size: 3044 MB, Compressed Oops mode: Zero based, Oop shift amount: 3

CDS archive(s) mapped at: [0x0000000000000000-0x0000000000000000-0x0000000000000000), size 0, SharedBaseAddress: 0x0000000800000000, ArchiveRelocationMode: 1.
Narrow klass base: 0x0000000000000000, Narrow klass shift: 0, Narrow klass range: 0x0

GC Precious Log:
<Empty>

Heap:
 garbage-first heap   total 0K, used 0K [0x0000000741c00000, 0x0000000800000000)
  region size 2048K, 0 young (0K), 0 survivors (0K)
 Metaspace       used 0K, committed 0K, reserved 0K
  class space    used 0K, committed 0K, reserved 0K

Heap Regions: E=young(eden), S=young(survivor), O=old, HS=humongous(starts), HC=humongous(continues), CS=collection set, F=free, OA=open archive, CA=closed archive, TAMS=top-at-mark-start (previous, next)

Card table byte_map: [0x00000172b09a0000,0x00000172b0fa0000] _byte_map_base: 0x00000172acf92000

Marking Bits (Prev, Next): (CMBitMap*) 0x000001729c107220, (CMBitMap*) 0x000001729c107260
 Prev Bits: [0x00000172b15a0000, 0x00000172b4530000)
 Next Bits: [0x00000172b4530000, 0x00000172b74c0000)

GC Heap History (0 events):
No events

Dll operation events (1 events):
Event: 0.062 Loaded shared library C:\Program Files\Android\Android Studio\jbr\bin\java.dll

Deoptimization events (0 events):
No events

Classes unloaded (0 events):
No events

Classes redefined (0 events):
No events

Internal exceptions (0 events):
No events

VM Operations (0 events):
No events

Events (0 events):
No events


Dynamic libraries:
0x00007ff62a3c0000 - 0x00007ff62a3ca000 	C:\Program Files\Android\Android Studio\jbr\bin\java.exe
0x00007ff8336d0000 - 0x00007ff8338c8000 	C:\Windows\SYSTEM32\ntdll.dll
0x00007ff8324c0000 - 0x00007ff832581000 	C:\Windows\System32\KERNEL32.DLL
0x00007ff831290000 - 0x00007ff831586000 	C:\Windows\System32\KERNELBASE.dll
0x00007ff8310f0000 - 0x00007ff8311f0000 	C:\Windows\System32\ucrtbase.dll
0x00007ff804d60000 - 0x00007ff804d77000 	C:\Program Files\Android\Android Studio\jbr\bin\jli.dll
0x00007ff832780000 - 0x00007ff83291f000 	C:\Windows\System32\USER32.dll
0x00007ff831260000 - 0x00007ff831282000 	C:\Windows\System32\win32u.dll
0x00007ff832ac0000 - 0x00007ff832aeb000 	C:\Windows\System32\GDI32.dll
0x00007ff8315e0000 - 0x00007ff8316f7000 	C:\Windows\System32\gdi32full.dll
0x00007ff830fc0000 - 0x00007ff83105d000 	C:\Windows\System32\msvcp_win.dll
0x00007ff807350000 - 0x00007ff80736b000 	C:\Program Files\Android\Android Studio\jbr\bin\VCRUNTIME140.dll
0x00007ff81b7e0000 - 0x00007ff81ba7a000 	C:\Windows\WinSxS\amd64_microsoft.windows.common-controls_6595b64144ccf1df_6.0.19041.4355_none_60b8b9eb71f62e16\COMCTL32.dll
0x00007ff8331e0000 - 0x00007ff83327e000 	C:\Windows\System32\msvcrt.dll
0x00007ff832a80000 - 0x00007ff832aaf000 	C:\Windows\System32\IMM32.DLL
0x00007ff82a3a0000 - 0x00007ff82a3ac000 	C:\Program Files\Android\Android Studio\jbr\bin\vcruntime140_1.dll
0x00007fffb2e20000 - 0x00007fffb2ead000 	C:\Program Files\Android\Android Studio\jbr\bin\msvcp140.dll
0x00007fffae4a0000 - 0x00007fffaf123000 	C:\Program Files\Android\Android Studio\jbr\bin\server\jvm.dll
0x00007ff832af0000 - 0x00007ff832ba0000 	C:\Windows\System32\ADVAPI32.dll
0x00007ff833140000 - 0x00007ff8331e0000 	C:\Windows\System32\sechost.dll
0x00007ff833010000 - 0x00007ff833133000 	C:\Windows\System32\RPCRT4.dll
0x00007ff830d80000 - 0x00007ff830da7000 	C:\Windows\System32\bcrypt.dll
0x00007ff830300000 - 0x00007ff83034b000 	C:\Windows\SYSTEM32\POWRPROF.dll
0x00007ff817d70000 - 0x00007ff817d79000 	C:\Windows\SYSTEM32\WSOCK32.dll
0x00007ff833570000 - 0x00007ff8335db000 	C:\Windows\System32\WS2_32.dll
0x00007ff81caf0000 - 0x00007ff81cb17000 	C:\Windows\SYSTEM32\WINMM.dll
0x00007ff826640000 - 0x00007ff82664a000 	C:\Windows\SYSTEM32\VERSION.dll
0x00007ff830170000 - 0x00007ff830182000 	C:\Windows\SYSTEM32\UMPDC.dll
0x00007ff82f550000 - 0x00007ff82f562000 	C:\Windows\SYSTEM32\kernel.appcore.dll
0x00007ff828460000 - 0x00007ff82846a000 	C:\Program Files\Android\Android Studio\jbr\bin\jimage.dll
0x00007ff82f220000 - 0x00007ff82f404000 	C:\Windows\SYSTEM32\DBGHELP.DLL
0x00007ff80b0d0000 - 0x00007ff80b104000 	C:\Windows\SYSTEM32\dbgcore.DLL
0x00007ff831060000 - 0x00007ff8310e2000 	C:\Windows\System32\bcryptPrimitives.dll
0x00007ff8042e0000 - 0x00007ff804305000 	C:\Program Files\Android\Android Studio\jbr\bin\java.dll

dbghelp: loaded successfully - version: 4.0.5 - missing functions: none
symbol engine: initialized successfully - sym options: 0x614 - pdb path: .;C:\Program Files\Android\Android Studio\jbr\bin;C:\Windows\SYSTEM32;C:\Windows\WinSxS\amd64_microsoft.windows.common-controls_6595b64144ccf1df_6.0.19041.4355_none_60b8b9eb71f62e16;C:\Program Files\Android\Android Studio\jbr\bin\server

VM Arguments:
java_command: org.jetbrains.kotlin.cli.jvm.K2JVMCompiler @D:\AndroidProg\Algo\app\build\20240720_12466557909312443949.compiler.options
java_class_path (initial): C:\Users\Admin\.gradle\caches\modules-2\files-2.1\org.jetbrains.kotlin\kotlin-compiler-embeddable\1.9.0\2c8c3a7402becca891f12739b3e9fd2dc2adbd7a\kotlin-compiler-embeddable-1.9.0.jar;C:\Users\Admin\.gradle\caches\modules-2\files-2.1\org.jetbrains.kotlin\kotlin-stdlib\1.9.0\8ee15ef0c67dc83d874f412d84378d7f0eb50b63\kotlin-stdlib-1.9.0.jar;C:\Users\Admin\.gradle\caches\modules-2\files-2.1\org.jetbrains.kotlin\kotlin-script-runtime\1.9.0\4b3102cbbb7e1b58d9d1adf89563f00069ffa7d1\kotlin-script-runtime-1.9.0.jar;C:\Users\Admin\.gradle\caches\modules-2\files-2.1\org.jetbrains.kotlin\kotlin-reflect\1.6.10\1cbe9c92c12a94eea200d23c2bbaedaf3daf5132\kotlin-reflect-1.6.10.jar;C:\Users\Admin\.gradle\caches\modules-2\files-2.1\org.jetbrains.kotlin\kotlin-daemon-embeddable\1.9.0\186543f5e28cf8d9a0290fecc2cf34301c40a65c\kotlin-daemon-embeddable-1.9.0.jar;C:\Users\Admin\.gradle\caches\modules-2\files-2.1\org.jetbrains.intellij.deps\trove4j\1.0.20200330\3afb14d5f9ceb459d724e907a21145e8ff394f02\trove4j-1.0.20200330.jar;C:\Users\Admin\.gradle\caches\modules-2\files-2.1\org.jetbrains.kotlin\kotlin-stdlib-common\1.9.0\cd65c21cfd1eec4d44ef09f9f52b6d9f8a720636\kotlin-stdlib-common-1.9.0.jar;C:\Users\Admin\.gradle\caches\modules-2\files-2.1\org.jetbrains\annotations\13.0\919f0dfe192fb4e063e7dacadee7f8bb9a2672a9\annotations-13.0.jar
Launcher Type: SUN_STANDARD

[Global flags]
     intx CICompilerCount                          = 3                                         {product} {ergonomic}
     uint ConcGCThreads                            = 1                                         {product} {ergonomic}
     uint G1ConcRefinementThreads                  = 4                                         {product} {ergonomic}
   size_t G1HeapRegionSize                         = 2097152                                   {product} {ergonomic}
    uintx GCDrainStackTargetSize                   = 64                                        {product} {ergonomic}
   size_t InitialHeapSize                          = 201326592                                 {product} {ergonomic}
   size_t MarkStackSize                            = 4194304                                   {product} {ergonomic}
   size_t MaxHeapSize                              = 3191865344                                {product} {ergonomic}
   size_t MinHeapDeltaBytes                        = 2097152                                   {product} {ergonomic}
   size_t MinHeapSize                              = 8388608                                   {product} {ergonomic}
    uintx NonNMethodCodeHeapSize                   = 5832780                                {pd product} {ergonomic}
    uintx NonProfiledCodeHeapSize                  = 122912730                              {pd product} {ergonomic}
    uintx ProfiledCodeHeapSize                     = 122912730                              {pd product} {ergonomic}
    uintx ReservedCodeCacheSize                    = 251658240                              {pd product} {ergonomic}
     bool SegmentedCodeCache                       = true                                      {product} {ergonomic}
   size_t SoftMaxHeapSize                          = 3191865344                             {manageable} {ergonomic}
     bool UseCompressedClassPointers               = true                           {product lp64_product} {ergonomic}
     bool UseCompressedOops                        = true                           {product lp64_product} {ergonomic}
     bool UseG1GC                                  = true                                      {product} {ergonomic}
     bool UseLargePagesIndividualAllocation        = false                                  {pd product} {ergonomic}

Logging:
Log output configuration:
 #0: stdout all=warning uptime,level,tags
 #1: stderr all=off uptime,level,tags

Environment Variables:
JAVA_HOME=C:\Program Files\Java\jdk1.8.0_331
PATH=C:\ProgramData\Oracle\Java\javapath;C:\Program Files\Common Files\Oracle\Java\javapath;C:\Program Files (x86)\Common Files\Intel\Shared Libraries\redist\intel64\compiler;C:\Program Files (x86)\Intel\iCLS Client\;C:\Program Files\Intel\iCLS Client\;C:\Windows\system32;C:\Windows;C:\Windows\System32\Wbem;C:\Windows\System32\WindowsPowerShell\v1.0\;C:\Windows\System32\OpenSSH\;C:\Program Files (x86)\NVIDIA Corporation\PhysX\Common;C:\Program Files (x86)\Intel\Intel(R) Management Engine Components\DAL;C:\Program Files\Intel\Intel(R) Management Engine Components\DAL;C:\Program Files (x86)\Intel\Intel(R) Management Engine Components\IPT;C:\Program Files\Intel\Intel(R) Management Engine Components\IPT;C:\Program Files\NVIDIA Corporation\NVIDIA NvDLISR;C:\Program Files\Java\jdk1.8.0_331\bin;C:\Program Files\dotnet\;C:\Program Files\ojdkbuild\java-11-openjdk-11.0.15-1\bin;C:\Program Files\Git\cmd;C:\Program Files\Java\jdk-20\bin;C:\Users\Admin\AppData\Local\GitHubDesktop\bin
USERNAME=Admin
OS=Windows_NT
PROCESSOR_IDENTIFIER=Intel64 Family 6 Model 142 Stepping 9, GenuineIntel
TMP=C:\Users\Admin\AppData\Local\Temp
TEMP=C:\Users\Admin\AppData\Local\Temp



Periodic native trim disabled

JNI global refs:
JNI global refs: 0, weak refs: 0

JNI global refs memory usage: 0, weak refs: 0

OOME stack traces (most recent first):
Classloader memory used:


---------------  S Y S T E M  ---------------

OS:
 Windows 10 , 64 bit Build 19041 (10.0.19041.4597)
OS uptime: 0 days 9:30 hours
Hyper-V role detected

CPU: total 4 (initial active 4) (2 cores per cpu, 2 threads per core) family 6 model 142 stepping 9 microcode 0xb4, cx8, cmov, fxsr, ht, mmx, 3dnowpref, sse, sse2, sse3, ssse3, sse4.1, sse4.2, popcnt, lzcnt, tsc, tscinvbit, avx, avx2, aes, erms, clmul, bmi1, bmi2, adx, fma, vzeroupper, clflush, clflushopt, hv
Processor Information for all 4 processors :
  Max Mhz: 2904, Current Mhz: 2703, Mhz Limit: 2700

Memory: 4k page, system-wide physical 12171M (1499M free)
TotalPageFile size 14219M (AvailPageFile size 176M)
current process WorkingSet (physical memory assigned to process): 10M, peak: 10M
current process commit charge ("private bytes"): 51M, peak: 243M

vm_info: OpenJDK 64-Bit Server VM (17.0.10+0--11609105) for windows-amd64 JRE (17.0.10+0--11609105), built on Mar 21 2024 19:10:56 by "androidbuild" with MS VC++ 16.10 / 16.11 (VS2019)

END.
